# JRE version: Java(TM) SE Runtime Environment (8.0_71-b15) (build 1.8.0_71-b15)
# Java VM: Java HotSpot(TM) 64-Bit Server VM (25.71-b15 mixed mode windows-amd64 compressed oops)
Heap:
 PSYoungGen      total 90624K, used 16755K [0x00000000e0a00000, 0x00000000e9180000, 0x0000000100000000)
  eden space 79360K, 6% used [0x00000000e0a00000,0x00000000e0f61e68,0x00000000e5780000)
  from space 11264K, 99% used [0x00000000e5780000,0x00000000e627b030,0x00000000e6280000)
  to   space 13824K, 0% used [0x00000000e8400000,0x00000000e8400000,0x00000000e9180000)
 ParOldGen       total 65536K, used 21287K [0x00000000a1e00000, 0x00000000a5e00000, 0x00000000e0a00000)
  object space 65536K, 32% used [0x00000000a1e00000,0x00000000a32c9de0,0x00000000a5e00000)
 Metaspace       used 12142K, capacity 12436K, committed 12800K, reserved 1060864K
  class space    used 1355K, capacity 1439K, committed 1536K, reserved 1048576K
GC Heap History (10 events):
Event: 13.925 GC heap before
{Heap before GC invocations=13 (full 0):
 PSYoungGen      total 40448K, used 39348K [0x00000000e0a00000, 0x00000000e3b00000, 0x0000000100000000)
  eden space 32256K, 99% used [0x00000000e0a00000,0x00000000e297fd78,0x00000000e2980000)
  from space 8192K, 86% used [0x00000000e3200000,0x00000000e38ed3d0,0x00000000e3a00000)
  to   space 8704K, 0% used [0x00000000e2980000,0x00000000e2980000,0x00000000e3200000)
 ParOldGen       total 65536K, used 9889K [0x00000000a1e00000, 0x00000000a5e00000, 0x00000000e0a00000)
  object space 65536K, 15% used [0x00000000a1e00000,0x00000000a27a87f0,0x00000000a5e00000)
 Metaspace       used 11506K, capacity 11780K, committed 12032K, reserved 1060864K
  class space    used 1336K, capacity 1437K, committed 1536K, reserved 1048576K
Event: 13.944 GC heap after
Heap after GC invocations=13 (full 0):
 PSYoungGen      total 40960K, used 4654K [0x00000000e0a00000, 0x00000000e4d80000, 0x0000000100000000)
  eden space 32256K, 0% used [0x00000000e0a00000,0x00000000e0a00000,0x00000000e2980000)
  from space 8704K, 53% used [0x00000000e2980000,0x00000000e2e0bbc0,0x00000000e3200000)
  to   space 8704K, 0% used [0x00000000e4500000,0x00000000e4500000,0x00000000e4d80000)
 ParOldGen       total 65536K, used 12665K [0x00000000a1e00000, 0x00000000a5e00000, 0x00000000e0a00000)
  object space 65536K, 19% used [0x00000000a1e00000,0x00000000a2a5e7f0,0x00000000a5e00000)
 Metaspace       used 11506K, capacity 11780K, committed 12032K, reserved 1060864K
  class space    used 1336K, capacity 1437K, committed 1536K, reserved 1048576K
}
Event: 14.519 GC heap before
{Heap before GC invocations=14 (full 0):
 PSYoungGen      total 40960K, used 36910K [0x00000000e0a00000, 0x00000000e4d80000, 0x0000000100000000)
  eden space 32256K, 100% used [0x00000000e0a00000,0x00000000e2980000,0x00000000e2980000)
  from space 8704K, 53% used [0x00000000e2980000,0x00000000e2e0bbc0,0x00000000e3200000)
  to   space 8704K, 0% used [0x00000000e4500000,0x00000000e4500000,0x00000000e4d80000)
 ParOldGen       total 65536K, used 13567K [0x00000000a1e00000, 0x00000000a5e00000, 0x00000000e0a00000)
  object space 65536K, 20% used [0x00000000a1e00000,0x00000000a2b3fff8,0x00000000a5e00000)
 Metaspace       used 11798K, capacity 12036K, committed 12288K, reserved 1060864K
  class space    used 1353K, capacity 1437K, committed 1536K, reserved 1048576K
Event: 14.542 GC heap after
Heap after GC invocations=14 (full 0):
 PSYoungGen      total 59904K, used 7076K [0x00000000e0a00000, 0x00000000e4e80000, 0x0000000100000000)
  eden space 51200K, 0% used [0x00000000e0a00000,0x00000000e0a00000,0x00000000e3c00000)
  from space 8704K, 81% used [0x00000000e4500000,0x00000000e4be9010,0x00000000e4d80000)
  to   space 9216K, 0% used [0x00000000e3c00000,0x00000000e3c00000,0x00000000e4500000)
 ParOldGen       total 65536K, used 15053K [0x00000000a1e00000, 0x00000000a5e00000, 0x00000000e0a00000)
  object space 65536K, 22% used [0x00000000a1e00000,0x00000000a2cb35c8,0x00000000a5e00000)
 Metaspace       used 11798K, capacity 12036K, committed 12288K, reserved 1060864K
  class space    used 1353K, capacity 1437K, committed 1536K, reserved 1048576K
}
Event: 15.525 GC heap before
{Heap before GC invocations=15 (full 0):
 PSYoungGen      total 59904K, used 58276K [0x00000000e0a00000, 0x00000000e4e80000, 0x0000000100000000)
  eden space 51200K, 100% used [0x00000000e0a00000,0x00000000e3c00000,0x00000000e3c00000)
  from space 8704K, 81% used [0x00000000e4500000,0x00000000e4be9010,0x00000000e4d80000)
  to   space 9216K, 0% used [0x00000000e3c00000,0x00000000e3c00000,0x00000000e4500000)
 ParOldGen       total 65536K, used 15053K [0x00000000a1e00000, 0x00000000a5e00000, 0x00000000e0a00000)
  object space 65536K, 22% used [0x00000000a1e00000,0x00000000a2cb35c8,0x00000000a5e00000)
 Metaspace       used 11825K, capacity 12100K, committed 12288K, reserved 1060864K
  class space    used 1353K, capacity 1437K, committed 1536K, reserved 1048576K
Event: 15.535 GC heap after
Heap after GC invocations=15 (full 0):
 PSYoungGen      total 60416K, used 4489K [0x00000000e0a00000, 0x00000000e6b00000, 0x0000000100000000)
  eden space 51200K, 0% used [0x00000000e0a00000,0x00000000e0a00000,0x00000000e3c00000)
  from space 9216K, 48% used [0x00000000e3c00000,0x00000000e4062628,0x00000000e4500000)
  to   space 8704K, 0% used [0x00000000e6280000,0x00000000e6280000,0x00000000e6b00000)
 ParOldGen       total 65536K, used 15149K [0x00000000a1e00000, 0x00000000a5e00000, 0x00000000e0a00000)
  object space 65536K, 23% used [0x00000000a1e00000,0x00000000a2ccb5c8,0x00000000a5e00000)
 Metaspace       used 11825K, capacity 12100K, committed 12288K, reserved 1060864K
  class space    used 1353K, capacity 1437K, committed 1536K, reserved 1048576K
}
Event: 16.364 GC heap before
{Heap before GC invocations=16 (full 0):
 PSYoungGen      total 60416K, used 55689K [0x00000000e0a00000, 0x00000000e6b00000, 0x0000000100000000)
  eden space 51200K, 100% used [0x00000000e0a00000,0x00000000e3c00000,0x00000000e3c00000)
  from space 9216K, 48% used [0x00000000e3c00000,0x00000000e4062628,0x00000000e4500000)
  to   space 8704K, 0% used [0x00000000e6280000,0x00000000e6280000,0x00000000e6b00000)
 ParOldGen       total 65536K, used 15151K [0x00000000a1e00000, 0x00000000a5e00000, 0x00000000e0a00000)
  object space 65536K, 23% used [0x00000000a1e00000,0x00000000a2ccbef8,0x00000000a5e00000)
 Metaspace       used 11835K, capacity 12100K, committed 12288K, reserved 1060864K
  class space    used 1353K, capacity 1437K, committed 1536K, reserved 1048576K
Event: 16.411 GC heap after
Heap after GC invocations=16 (full 0):
 PSYoungGen      total 88064K, used 8680K [0x00000000e0a00000, 0x00000000e7000000, 0x0000000100000000)
  eden space 79360K, 0% used [0x00000000e0a00000,0x00000000e0a00000,0x00000000e5780000)
  from space 8704K, 99% used [0x00000000e6280000,0x00000000e6afa020,0x00000000e6b00000)
  to   space 11264K, 0% used [0x00000000e5780000,0x00000000e5780000,0x00000000e6280000)
 ParOldGen       total 65536K, used 19159K [0x00000000a1e00000, 0x00000000a5e00000, 0x00000000e0a00000)
  object space 65536K, 29% used [0x00000000a1e00000,0x00000000a30b5f38,0x00000000a5e00000)
 Metaspace       used 11835K, capacity 12100K, committed 12288K, reserved 1060864K
  class space    used 1353K, capacity 1437K, committed 1536K, reserved 1048576K
}
Event: 18.038 GC heap before
{Heap before GC invocations=17 (full 0):
 PSYoungGen      total 88064K, used 88040K [0x00000000e0a00000, 0x00000000e7000000, 0x0000000100000000)
  eden space 79360K, 100% used [0x00000000e0a00000,0x00000000e5780000,0x00000000e5780000)
  from space 8704K, 99% used [0x00000000e6280000,0x00000000e6afa020,0x00000000e6b00000)
  to   space 11264K, 0% used [0x00000000e5780000,0x00000000e5780000,0x00000000e6280000)
 ParOldGen       total 65536K, used 19175K [0x00000000a1e00000, 0x00000000a5e00000, 0x00000000e0a00000)
  object space 65536K, 29% used [0x00000000a1e00000,0x00000000a30b9db0,0x00000000a5e00000)
 Metaspace       used 12142K, capacity 12436K, committed 12800K, reserved 1060864K
  class space    used 1355K, capacity 1439K, committed 1536K, reserved 1048576K
Event: 18.083 GC heap after
Heap after GC invocations=17 (full 0):
 PSYoungGen      total 90624K, used 11244K [0x00000000e0a00000, 0x00000000e9180000, 0x0000000100000000)
  eden space 79360K, 0% used [0x00000000e0a00000,0x00000000e0a00000,0x00000000e5780000)
  from space 11264K, 99% used [0x00000000e5780000,0x00000000e627b030,0x00000000e6280000)
  to   space 13824K, 0% used [0x00000000e8400000,0x00000000e8400000,0x00000000e9180000)
 ParOldGen       total 65536K, used 21287K [0x00000000a1e00000, 0x00000000a5e00000, 0x00000000e0a00000)
  object space 65536K, 32% used [0x00000000a1e00000,0x00000000a32c9de0,0x00000000a5e00000)
 Metaspace       used 12142K, capacity 12436K, committed 12800K, reserved 1060864K
  class space    used 1355K, capacity 1439K, committed 1536K, reserved 1048576K
}

