# JRE version: Java(TM) SE Runtime Environment (8.0_71-b15) (build 1.8.0_71-b15)
# Java VM: Java HotSpot(TM) 64-Bit Server VM (25.71-b15 mixed mode windows-amd64 compressed oops)
Heap:
 PSYoungGen      total 212480K, used 18003K [0x00000000e0a00000, 0x00000000eed80000, 0x0000000100000000)
  eden space 196608K, 2% used [0x00000000e0a00000,0x00000000e0ec7648,0x00000000eca00000)
  from space 15872K, 82% used [0x00000000edb00000,0x00000000ee7cd8d8,0x00000000eea80000)
  to   space 17408K, 0% used [0x00000000eca00000,0x00000000eca00000,0x00000000edb00000)
 ParOldGen       total 65536K, used 28557K [0x00000000a1e00000, 0x00000000a5e00000, 0x00000000e0a00000)
  object space 65536K, 43% used [0x00000000a1e00000,0x00000000a39e35d0,0x00000000a5e00000)
 Metaspace       used 11989K, capacity 12222K, committed 12544K, reserved 1060864K
  class space    used 1370K, capacity 1462K, committed 1536K, reserved 1048576K
GC Heap History (10 events):
Event: 15.034 GC heap before
{Heap before GC invocations=14 (full 0):
 PSYoungGen      total 65536K, used 62992K [0x00000000e0a00000, 0x00000000e7500000, 0x0000000100000000)
  eden space 56832K, 100% used [0x00000000e0a00000,0x00000000e4180000,0x00000000e4180000)
  from space 8704K, 70% used [0x00000000e4180000,0x00000000e4784050,0x00000000e4a00000)
  to   space 9216K, 0% used [0x00000000e6c00000,0x00000000e6c00000,0x00000000e7500000)
 ParOldGen       total 65536K, used 11473K [0x00000000a1e00000, 0x00000000a5e00000, 0x00000000e0a00000)
  object space 65536K, 17% used [0x00000000a1e00000,0x00000000a2934450,0x00000000a5e00000)
 Metaspace       used 11730K, capacity 11948K, committed 12288K, reserved 1060864K
  class space    used 1364K, capacity 1459K, committed 1536K, reserved 1048576K
Event: 15.059 GC heap after
Heap after GC invocations=14 (full 0):
 PSYoungGen      total 98304K, used 9200K [0x00000000e0a00000, 0x00000000e7900000, 0x0000000100000000)
  eden space 89088K, 0% used [0x00000000e0a00000,0x00000000e0a00000,0x00000000e6100000)
  from space 9216K, 99% used [0x00000000e6c00000,0x00000000e74fc040,0x00000000e7500000)
  to   space 11264K, 0% used [0x00000000e6100000,0x00000000e6100000,0x00000000e6c00000)
 ParOldGen       total 65536K, used 13885K [0x00000000a1e00000, 0x00000000a5e00000, 0x00000000e0a00000)
  object space 65536K, 21% used [0x00000000a1e00000,0x00000000a2b8f4a0,0x00000000a5e00000)
 Metaspace       used 11730K, capacity 11948K, committed 12288K, reserved 1060864K
  class space    used 1364K, capacity 1459K, committed 1536K, reserved 1048576K
}
Event: 16.331 GC heap before
{Heap before GC invocations=15 (full 0):
 PSYoungGen      total 98304K, used 98288K [0x00000000e0a00000, 0x00000000e7900000, 0x0000000100000000)
  eden space 89088K, 100% used [0x00000000e0a00000,0x00000000e6100000,0x00000000e6100000)
  from space 9216K, 99% used [0x00000000e6c00000,0x00000000e74fc040,0x00000000e7500000)
  to   space 11264K, 0% used [0x00000000e6100000,0x00000000e6100000,0x00000000e6c00000)
 ParOldGen       total 65536K, used 13887K [0x00000000a1e00000, 0x00000000a5e00000, 0x00000000e0a00000)
  object space 65536K, 21% used [0x00000000a1e00000,0x00000000a2b8fc30,0x00000000a5e00000)
 Metaspace       used 11802K, capacity 12012K, committed 12288K, reserved 1060864K
  class space    used 1365K, capacity 1459K, committed 1536K, reserved 1048576K
Event: 16.367 GC heap after
Heap after GC invocations=15 (full 0):
 PSYoungGen      total 100352K, used 11248K [0x00000000e0a00000, 0x00000000eb080000, 0x0000000100000000)
  eden space 89088K, 0% used [0x00000000e0a00000,0x00000000e0a00000,0x00000000e6100000)
  from space 11264K, 99% used [0x00000000e6100000,0x00000000e6bfc078,0x00000000e6c00000)
  to   space 13824K, 0% used [0x00000000ea300000,0x00000000ea300000,0x00000000eb080000)
 ParOldGen       total 65536K, used 16155K [0x00000000a1e00000, 0x00000000a5e00000, 0x00000000e0a00000)
  object space 65536K, 24% used [0x00000000a1e00000,0x00000000a2dc6c50,0x00000000a5e00000)
 Metaspace       used 11802K, capacity 12012K, committed 12288K, reserved 1060864K
  class space    used 1365K, capacity 1459K, committed 1536K, reserved 1048576K
}
Event: 17.444 GC heap before
{Heap before GC invocations=16 (full 0):
 PSYoungGen      total 100352K, used 100336K [0x00000000e0a00000, 0x00000000eb080000, 0x0000000100000000)
  eden space 89088K, 100% used [0x00000000e0a00000,0x00000000e6100000,0x00000000e6100000)
  from space 11264K, 99% used [0x00000000e6100000,0x00000000e6bfc078,0x00000000e6c00000)
  to   space 13824K, 0% used [0x00000000ea300000,0x00000000ea300000,0x00000000eb080000)
 ParOldGen       total 65536K, used 16159K [0x00000000a1e00000, 0x00000000a5e00000, 0x00000000e0a00000)
  object space 65536K, 24% used [0x00000000a1e00000,0x00000000a2dc7c38,0x00000000a5e00000)
 Metaspace       used 11812K, capacity 12076K, committed 12288K, reserved 1060864K
  class space    used 1365K, capacity 1459K, committed 1536K, reserved 1048576K
Event: 17.477 GC heap after
Heap after GC invocations=16 (full 0):
 PSYoungGen      total 155136K, used 12812K [0x00000000e0a00000, 0x00000000eb380000, 0x0000000100000000)
  eden space 141312K, 0% used [0x00000000e0a00000,0x00000000e0a00000,0x00000000e9400000)
  from space 13824K, 92% used [0x00000000ea300000,0x00000000eaf83068,0x00000000eb080000)
  to   space 15360K, 0% used [0x00000000e9400000,0x00000000e9400000,0x00000000ea300000)
 ParOldGen       total 65536K, used 16191K [0x00000000a1e00000, 0x00000000a5e00000, 0x00000000e0a00000)
  object space 65536K, 24% used [0x00000000a1e00000,0x00000000a2dcfc38,0x00000000a5e00000)
 Metaspace       used 11812K, capacity 12076K, committed 12288K, reserved 1060864K
  class space    used 1365K, capacity 1459K, committed 1536K, reserved 1048576K
}
Event: 17.510 GC heap before
{Heap before GC invocations=17 (full 0):
 PSYoungGen      total 155136K, used 16071K [0x00000000e0a00000, 0x00000000eb380000, 0x0000000100000000)
  eden space 141312K, 2% used [0x00000000e0a00000,0x00000000e0d2ed00,0x00000000e9400000)
  from space 13824K, 92% used [0x00000000ea300000,0x00000000eaf83068,0x00000000eb080000)
  to   space 15360K, 0% used [0x00000000e9400000,0x00000000e9400000,0x00000000ea300000)
 ParOldGen       total 65536K, used 16191K [0x00000000a1e00000, 0x00000000a5e00000, 0x00000000e0a00000)
  object space 65536K, 24% used [0x00000000a1e00000,0x00000000a2dcfc38,0x00000000a5e00000)
 Metaspace       used 11812K, capacity 12076K, committed 12288K, reserved 1060864K
  class space    used 1365K, capacity 1459K, committed 1536K, reserved 1048576K
Event: 17.525 GC heap after
Heap after GC invocations=17 (full 0):
 PSYoungGen      total 156672K, used 384K [0x00000000e0a00000, 0x00000000eea80000, 0x0000000100000000)
  eden space 141312K, 0% used [0x00000000e0a00000,0x00000000e0a00000,0x00000000e9400000)
  from space 15360K, 2% used [0x00000000e9400000,0x00000000e9460000,0x00000000ea300000)
  to   space 15872K, 0% used [0x00000000edb00000,0x00000000edb00000,0x00000000eea80000)
 ParOldGen       total 65536K, used 28323K [0x00000000a1e00000, 0x00000000a5e00000, 0x00000000e0a00000)
  object space 65536K, 43% used [0x00000000a1e00000,0x00000000a39a8d20,0x00000000a5e00000)
 Metaspace       used 11812K, capacity 12076K, committed 12288K, reserved 1060864K
  class space    used 1365K, capacity 1459K, committed 1536K, reserved 1048576K
}
Event: 19.358 GC heap before
{Heap before GC invocations=18 (full 0):
 PSYoungGen      total 156672K, used 141696K [0x00000000e0a00000, 0x00000000eea80000, 0x0000000100000000)
  eden space 141312K, 100% used [0x00000000e0a00000,0x00000000e9400000,0x00000000e9400000)
  from space 15360K, 2% used [0x00000000e9400000,0x00000000e9460000,0x00000000ea300000)
  to   space 15872K, 0% used [0x00000000edb00000,0x00000000edb00000,0x00000000eea80000)
 ParOldGen       total 65536K, used 28325K [0x00000000a1e00000, 0x00000000a5e00000, 0x00000000e0a00000)
  object space 65536K, 43% used [0x00000000a1e00000,0x00000000a39a94b0,0x00000000a5e00000)
 Metaspace       used 11989K, capacity 12222K, committed 12544K, reserved 1060864K
  class space    used 1370K, capacity 1462K, committed 1536K, reserved 1048576K
Event: 19.396 GC heap after
Heap after GC invocations=18 (full 0):
 PSYoungGen      total 212480K, used 13110K [0x00000000e0a00000, 0x00000000eed80000, 0x0000000100000000)
  eden space 196608K, 0% used [0x00000000e0a00000,0x00000000e0a00000,0x00000000eca00000)
  from space 15872K, 82% used [0x00000000edb00000,0x00000000ee7cd8d8,0x00000000eea80000)
  to   space 17408K, 0% used [0x00000000eca00000,0x00000000eca00000,0x00000000edb00000)
 ParOldGen       total 65536K, used 28557K [0x00000000a1e00000, 0x00000000a5e00000, 0x00000000e0a00000)
  object space 65536K, 43% used [0x00000000a1e00000,0x00000000a39e35d0,0x00000000a5e00000)
 Metaspace       used 11989K, capacity 12222K, committed 12544K, reserved 1060864K
  class space    used 1370K, capacity 1462K, committed 1536K, reserved 1048576K
}

